The target system is: Android - 15 - armv7-a
The host system is: Linux - 4.10.0-42-generic - x86_64
Determining if the C compiler works passed with the following output:
Change Dir: /home/hm/cmake_sample/use_ndk_toolchain/c/build/CMakeFiles/CMakeTmp

Run Build Command:"/usr/bin/make" "cmTC_170be/fast"
/usr/bin/make -f CMakeFiles/cmTC_170be.dir/build.make CMakeFiles/cmTC_170be.dir/build
make[1]: Entering directory '/home/hm/cmake_sample/use_ndk_toolchain/c/build/CMakeFiles/CMakeTmp'
Building C object CMakeFiles/cmTC_170be.dir/testCCompiler.c.o
/home/hm/android-ndk-r15c/toolchains/llvm/prebuilt/linux-x86_64/bin/clang  --target=armv7-none-linux-androideabi --gcc-toolchain=/home/hm/android-ndk-r15c/toolchains/arm-linux-androideabi-4.9/prebuilt/linux-x86_64 --sysroot=/home/hm/android-ndk-r15c/sysroot   -isystem /home/hm/android-ndk-r15c/sysroot/usr/include/arm-linux-androideabi -D__ANDROID_API__=15 -g -DANDROID -ffunction-sections -funwind-tables -fstack-protector-strong -no-canonical-prefixes -march=armv7-a -mfloat-abi=softfp -mfpu=vfpv3-d16 -fno-integrated-as -mthumb -Wa,--noexecstack -Wformat -Werror=format-security     -o CMakeFiles/cmTC_170be.dir/testCCompiler.c.o   -c /home/hm/cmake_sample/use_ndk_toolchain/c/build/CMakeFiles/CMakeTmp/testCCompiler.c
Linking C executable cmTC_170be
/home/hm/android_sdk/cmake/3.6.4111459/bin/cmake -E cmake_link_script CMakeFiles/cmTC_170be.dir/link.txt --verbose=1
/home/hm/android-ndk-r15c/toolchains/llvm/prebuilt/linux-x86_64/bin/clang  --target=armv7-none-linux-androideabi --gcc-toolchain=/home/hm/android-ndk-r15c/toolchains/arm-linux-androideabi-4.9/prebuilt/linux-x86_64 --sysroot=/home/hm/android-ndk-r15c/sysroot -isystem /home/hm/android-ndk-r15c/sysroot/usr/include/arm-linux-androideabi -D__ANDROID_API__=15 -g -DANDROID -ffunction-sections -funwind-tables -fstack-protector-strong -no-canonical-prefixes -march=armv7-a -mfloat-abi=softfp -mfpu=vfpv3-d16 -fno-integrated-as -mthumb -Wa,--noexecstack -Wformat -Werror=format-security    -Wl,--exclude-libs,libgcc.a --sysroot /home/hm/android-ndk-r15c/platforms/android-15/arch-arm -Wl,--build-id -Wl,--warn-shared-textrel -Wl,--fatal-warnings -Wl,--fix-cortex-a8 -Wl,--no-undefined -Wl,-z,noexecstack -Qunused-arguments -Wl,-z,relro -Wl,-z,now -Wl,--gc-sections -Wl,-z,nocopyreloc   CMakeFiles/cmTC_170be.dir/testCCompiler.c.o  -o cmTC_170be -lm 
make[1]: Leaving directory '/home/hm/cmake_sample/use_ndk_toolchain/c/build/CMakeFiles/CMakeTmp'


Detecting C compiler ABI info compiled with the following output:
Change Dir: /home/hm/cmake_sample/use_ndk_toolchain/c/build/CMakeFiles/CMakeTmp

Run Build Command:"/usr/bin/make" "cmTC_38c7b/fast"
/usr/bin/make -f CMakeFiles/cmTC_38c7b.dir/build.make CMakeFiles/cmTC_38c7b.dir/build
make[1]: Entering directory '/home/hm/cmake_sample/use_ndk_toolchain/c/build/CMakeFiles/CMakeTmp'
Building C object CMakeFiles/cmTC_38c7b.dir/CMakeCCompilerABI.c.o
/home/hm/android-ndk-r15c/toolchains/llvm/prebuilt/linux-x86_64/bin/clang  --target=armv7-none-linux-androideabi --gcc-toolchain=/home/hm/android-ndk-r15c/toolchains/arm-linux-androideabi-4.9/prebuilt/linux-x86_64 --sysroot=/home/hm/android-ndk-r15c/sysroot   -isystem /home/hm/android-ndk-r15c/sysroot/usr/include/arm-linux-androideabi -D__ANDROID_API__=15 -g -DANDROID -ffunction-sections -funwind-tables -fstack-protector-strong -no-canonical-prefixes -march=armv7-a -mfloat-abi=softfp -mfpu=vfpv3-d16 -fno-integrated-as -mthumb -Wa,--noexecstack -Wformat -Werror=format-security     -o CMakeFiles/cmTC_38c7b.dir/CMakeCCompilerABI.c.o   -c /home/hm/android_sdk/cmake/3.6.4111459/share/cmake-3.6/Modules/CMakeCCompilerABI.c
Linking C executable cmTC_38c7b
/home/hm/android_sdk/cmake/3.6.4111459/bin/cmake -E cmake_link_script CMakeFiles/cmTC_38c7b.dir/link.txt --verbose=1
/home/hm/android-ndk-r15c/toolchains/llvm/prebuilt/linux-x86_64/bin/clang  --target=armv7-none-linux-androideabi --gcc-toolchain=/home/hm/android-ndk-r15c/toolchains/arm-linux-androideabi-4.9/prebuilt/linux-x86_64 --sysroot=/home/hm/android-ndk-r15c/sysroot -isystem /home/hm/android-ndk-r15c/sysroot/usr/include/arm-linux-androideabi -D__ANDROID_API__=15 -g -DANDROID -ffunction-sections -funwind-tables -fstack-protector-strong -no-canonical-prefixes -march=armv7-a -mfloat-abi=softfp -mfpu=vfpv3-d16 -fno-integrated-as -mthumb -Wa,--noexecstack -Wformat -Werror=format-security    -Wl,--exclude-libs,libgcc.a --sysroot /home/hm/android-ndk-r15c/platforms/android-15/arch-arm -Wl,--build-id -Wl,--warn-shared-textrel -Wl,--fatal-warnings -Wl,--fix-cortex-a8 -Wl,--no-undefined -Wl,-z,noexecstack -Qunused-arguments -Wl,-z,relro -Wl,-z,now -Wl,--gc-sections -Wl,-z,nocopyreloc  -v CMakeFiles/cmTC_38c7b.dir/CMakeCCompilerABI.c.o  -o cmTC_38c7b  
Android clang version 5.0.300080  (based on LLVM 5.0.300080)
Target: armv7-none-linux-android
Thread model: posix
InstalledDir: /home/hm/android-ndk-r15c/toolchains/llvm/prebuilt/linux-x86_64/bin
Found candidate GCC installation: /home/hm/android-ndk-r15c/toolchains/arm-linux-androideabi-4.9/prebuilt/linux-x86_64/lib/gcc/arm-linux-androideabi/4.9.x
Selected GCC installation: /home/hm/android-ndk-r15c/toolchains/arm-linux-androideabi-4.9/prebuilt/linux-x86_64/lib/gcc/arm-linux-androideabi/4.9.x
Candidate multilib: thumb;@thumb
Candidate multilib: armv7-a;@armv7
Candidate multilib: armv7-a/thumb;@armv7@thumb
Candidate multilib: .;
Selected multilib: armv7-a/thumb;@armv7@thumb
 "/home/hm/android-ndk-r15c/toolchains/arm-linux-androideabi-4.9/prebuilt/linux-x86_64/lib/gcc/arm-linux-androideabi/4.9.x/../../../../arm-linux-androideabi/bin/ld" --sysroot=/home/hm/android-ndk-r15c/platforms/android-15/arch-arm -z relro -X --eh-frame-hdr -m armelf_linux_eabi -dynamic-linker /system/bin/linker -o cmTC_38c7b /home/hm/android-ndk-r15c/platforms/android-15/arch-arm/usr/lib/../lib/crtbegin_dynamic.o -L/home/hm/android-ndk-r15c/toolchains/llvm/prebuilt/linux-x86_64/lib64/clang/5.0.300080/lib/linux/arm -L/home/hm/android-ndk-r15c/toolchains/arm-linux-androideabi-4.9/prebuilt/linux-x86_64/lib/gcc/arm-linux-androideabi/4.9.x/armv7-a/thumb -L/home/hm/android-ndk-r15c/toolchains/arm-linux-androideabi-4.9/prebuilt/linux-x86_64/lib/gcc/arm-linux-androideabi/4.9.x/../../../../arm-linux-androideabi/lib/../lib/armv7-a/thumb -L/home/hm/android-ndk-r15c/platforms/android-15/arch-arm/usr/lib/../lib -L/home/hm/android-ndk-r15c/toolchains/arm-linux-androideabi-4.9/prebuilt/linux-x86_64/lib/gcc/arm-linux-androideabi/4.9.x/../../../../arm-linux-androideabi/lib/armv7-a/thumb -L/home/hm/android-ndk-r15c/platforms/android-15/arch-arm/usr/lib --exclude-libs libgcc.a --build-id --warn-shared-textrel --fatal-warnings --fix-cortex-a8 --no-undefined -z noexecstack -z relro -z now --gc-sections -z nocopyreloc CMakeFiles/cmTC_38c7b.dir/CMakeCCompilerABI.c.o -lgcc -ldl -lc -lgcc -ldl /home/hm/android-ndk-r15c/platforms/android-15/arch-arm/usr/lib/../lib/crtend_android.o
make[1]: Leaving directory '/home/hm/cmake_sample/use_ndk_toolchain/c/build/CMakeFiles/CMakeTmp'


Parsed C implicit link information from above output:
  link line regex: [^( *|.*[/\])(arm-linux-androideabi-ld|([^/\]+-)?ld|collect2)[^/\]*( |$)]
  ignore line: [Change Dir: /home/hm/cmake_sample/use_ndk_toolchain/c/build/CMakeFiles/CMakeTmp]
  ignore line: []
  ignore line: [Run Build Command:"/usr/bin/make" "cmTC_38c7b/fast"]
  ignore line: [/usr/bin/make -f CMakeFiles/cmTC_38c7b.dir/build.make CMakeFiles/cmTC_38c7b.dir/build]
  ignore line: [make[1]: Entering directory '/home/hm/cmake_sample/use_ndk_toolchain/c/build/CMakeFiles/CMakeTmp']
  ignore line: [Building C object CMakeFiles/cmTC_38c7b.dir/CMakeCCompilerABI.c.o]
  ignore line: [/home/hm/android-ndk-r15c/toolchains/llvm/prebuilt/linux-x86_64/bin/clang  --target=armv7-none-linux-androideabi --gcc-toolchain=/home/hm/android-ndk-r15c/toolchains/arm-linux-androideabi-4.9/prebuilt/linux-x86_64 --sysroot=/home/hm/android-ndk-r15c/sysroot   -isystem /home/hm/android-ndk-r15c/sysroot/usr/include/arm-linux-androideabi -D__ANDROID_API__=15 -g -DANDROID -ffunction-sections -funwind-tables -fstack-protector-strong -no-canonical-prefixes -march=armv7-a -mfloat-abi=softfp -mfpu=vfpv3-d16 -fno-integrated-as -mthumb -Wa,--noexecstack -Wformat -Werror=format-security     -o CMakeFiles/cmTC_38c7b.dir/CMakeCCompilerABI.c.o   -c /home/hm/android_sdk/cmake/3.6.4111459/share/cmake-3.6/Modules/CMakeCCompilerABI.c]
  ignore line: [Linking C executable cmTC_38c7b]
  ignore line: [/home/hm/android_sdk/cmake/3.6.4111459/bin/cmake -E cmake_link_script CMakeFiles/cmTC_38c7b.dir/link.txt --verbose=1]
  ignore line: [/home/hm/android-ndk-r15c/toolchains/llvm/prebuilt/linux-x86_64/bin/clang  --target=armv7-none-linux-androideabi --gcc-toolchain=/home/hm/android-ndk-r15c/toolchains/arm-linux-androideabi-4.9/prebuilt/linux-x86_64 --sysroot=/home/hm/android-ndk-r15c/sysroot -isystem /home/hm/android-ndk-r15c/sysroot/usr/include/arm-linux-androideabi -D__ANDROID_API__=15 -g -DANDROID -ffunction-sections -funwind-tables -fstack-protector-strong -no-canonical-prefixes -march=armv7-a -mfloat-abi=softfp -mfpu=vfpv3-d16 -fno-integrated-as -mthumb -Wa,--noexecstack -Wformat -Werror=format-security    -Wl,--exclude-libs,libgcc.a --sysroot /home/hm/android-ndk-r15c/platforms/android-15/arch-arm -Wl,--build-id -Wl,--warn-shared-textrel -Wl,--fatal-warnings -Wl,--fix-cortex-a8 -Wl,--no-undefined -Wl,-z,noexecstack -Qunused-arguments -Wl,-z,relro -Wl,-z,now -Wl,--gc-sections -Wl,-z,nocopyreloc  -v CMakeFiles/cmTC_38c7b.dir/CMakeCCompilerABI.c.o  -o cmTC_38c7b  ]
  ignore line: [Android clang version 5.0.300080  (based on LLVM 5.0.300080)]
  ignore line: [Target: armv7-none-linux-android]
  ignore line: [Thread model: posix]
  ignore line: [InstalledDir: /home/hm/android-ndk-r15c/toolchains/llvm/prebuilt/linux-x86_64/bin]
  ignore line: [Found candidate GCC installation: /home/hm/android-ndk-r15c/toolchains/arm-linux-androideabi-4.9/prebuilt/linux-x86_64/lib/gcc/arm-linux-androideabi/4.9.x]
  ignore line: [Selected GCC installation: /home/hm/android-ndk-r15c/toolchains/arm-linux-androideabi-4.9/prebuilt/linux-x86_64/lib/gcc/arm-linux-androideabi/4.9.x]
  ignore line: [Candidate multilib: thumb]
  ignore line: [@thumb]
  ignore line: [Candidate multilib: armv7-a]
  ignore line: [@armv7]
  ignore line: [Candidate multilib: armv7-a/thumb]
  ignore line: [@armv7@thumb]
  ignore line: [Candidate multilib: .]
  ignore line: []
  ignore line: [Selected multilib: armv7-a/thumb]
  ignore line: [@armv7@thumb]
  link line: [ "/home/hm/android-ndk-r15c/toolchains/arm-linux-androideabi-4.9/prebuilt/linux-x86_64/lib/gcc/arm-linux-androideabi/4.9.x/../../../../arm-linux-androideabi/bin/ld" --sysroot=/home/hm/android-ndk-r15c/platforms/android-15/arch-arm -z relro -X --eh-frame-hdr -m armelf_linux_eabi -dynamic-linker /system/bin/linker -o cmTC_38c7b /home/hm/android-ndk-r15c/platforms/android-15/arch-arm/usr/lib/../lib/crtbegin_dynamic.o -L/home/hm/android-ndk-r15c/toolchains/llvm/prebuilt/linux-x86_64/lib64/clang/5.0.300080/lib/linux/arm -L/home/hm/android-ndk-r15c/toolchains/arm-linux-androideabi-4.9/prebuilt/linux-x86_64/lib/gcc/arm-linux-androideabi/4.9.x/armv7-a/thumb -L/home/hm/android-ndk-r15c/toolchains/arm-linux-androideabi-4.9/prebuilt/linux-x86_64/lib/gcc/arm-linux-androideabi/4.9.x/../../../../arm-linux-androideabi/lib/../lib/armv7-a/thumb -L/home/hm/android-ndk-r15c/platforms/android-15/arch-arm/usr/lib/../lib -L/home/hm/android-ndk-r15c/toolchains/arm-linux-androideabi-4.9/prebuilt/linux-x86_64/lib/gcc/arm-linux-androideabi/4.9.x/../../../../arm-linux-androideabi/lib/armv7-a/thumb -L/home/hm/android-ndk-r15c/platforms/android-15/arch-arm/usr/lib --exclude-libs libgcc.a --build-id --warn-shared-textrel --fatal-warnings --fix-cortex-a8 --no-undefined -z noexecstack -z relro -z now --gc-sections -z nocopyreloc CMakeFiles/cmTC_38c7b.dir/CMakeCCompilerABI.c.o -lgcc -ldl -lc -lgcc -ldl /home/hm/android-ndk-r15c/platforms/android-15/arch-arm/usr/lib/../lib/crtend_android.o]
    arg [/home/hm/android-ndk-r15c/toolchains/arm-linux-androideabi-4.9/prebuilt/linux-x86_64/lib/gcc/arm-linux-androideabi/4.9.x/../../../../arm-linux-androideabi/bin/ld] ==> ignore
    arg [--sysroot=/home/hm/android-ndk-r15c/platforms/android-15/arch-arm] ==> ignore
    arg [-zrelro] ==> ignore
    arg [-X] ==> ignore
    arg [--eh-frame-hdr] ==> ignore
    arg [-m] ==> ignore
    arg [armelf_linux_eabi] ==> ignore
    arg [-dynamic-linker] ==> ignore
    arg [/system/bin/linker] ==> ignore
    arg [-o] ==> ignore
    arg [cmTC_38c7b] ==> ignore
    arg [/home/hm/android-ndk-r15c/platforms/android-15/arch-arm/usr/lib/../lib/crtbegin_dynamic.o] ==> ignore
    arg [-L/home/hm/android-ndk-r15c/toolchains/llvm/prebuilt/linux-x86_64/lib64/clang/5.0.300080/lib/linux/arm] ==> dir [/home/hm/android-ndk-r15c/toolchains/llvm/prebuilt/linux-x86_64/lib64/clang/5.0.300080/lib/linux/arm]
    arg [-L/home/hm/android-ndk-r15c/toolchains/arm-linux-androideabi-4.9/prebuilt/linux-x86_64/lib/gcc/arm-linux-androideabi/4.9.x/armv7-a/thumb] ==> dir [/home/hm/android-ndk-r15c/toolchains/arm-linux-androideabi-4.9/prebuilt/linux-x86_64/lib/gcc/arm-linux-androideabi/4.9.x/armv7-a/thumb]
    arg [-L/home/hm/android-ndk-r15c/toolchains/arm-linux-androideabi-4.9/prebuilt/linux-x86_64/lib/gcc/arm-linux-androideabi/4.9.x/../../../../arm-linux-androideabi/lib/../lib/armv7-a/thumb] ==> dir [/home/hm/android-ndk-r15c/toolchains/arm-linux-androideabi-4.9/prebuilt/linux-x86_64/lib/gcc/arm-linux-androideabi/4.9.x/../../../../arm-linux-androideabi/lib/../lib/armv7-a/thumb]
    arg [-L/home/hm/android-ndk-r15c/platforms/android-15/arch-arm/usr/lib/../lib] ==> dir [/home/hm/android-ndk-r15c/platforms/android-15/arch-arm/usr/lib/../lib]
    arg [-L/home/hm/android-ndk-r15c/toolchains/arm-linux-androideabi-4.9/prebuilt/linux-x86_64/lib/gcc/arm-linux-androideabi/4.9.x/../../../../arm-linux-androideabi/lib/armv7-a/thumb] ==> dir [/home/hm/android-ndk-r15c/toolchains/arm-linux-androideabi-4.9/prebuilt/linux-x86_64/lib/gcc/arm-linux-androideabi/4.9.x/../../../../arm-linux-androideabi/lib/armv7-a/thumb]
    arg [-L/home/hm/android-ndk-r15c/platforms/android-15/arch-arm/usr/lib] ==> dir [/home/hm/android-ndk-r15c/platforms/android-15/arch-arm/usr/lib]
    arg [--exclude-libs] ==> ignore
    arg [libgcc.a] ==> ignore
    arg [--build-id] ==> ignore
    arg [--warn-shared-textrel] ==> ignore
    arg [--fatal-warnings] ==> ignore
    arg [--fix-cortex-a8] ==> ignore
    arg [--no-undefined] ==> ignore
    arg [-znoexecstack] ==> ignore
    arg [-zrelro] ==> ignore
    arg [-znow] ==> ignore
    arg [--gc-sections] ==> ignore
    arg [-znocopyreloc] ==> ignore
    arg [CMakeFiles/cmTC_38c7b.dir/CMakeCCompilerABI.c.o] ==> ignore
    arg [-lgcc] ==> lib [gcc]
    arg [-ldl] ==> lib [dl]
    arg [-lc] ==> lib [c]
    arg [-lgcc] ==> lib [gcc]
    arg [-ldl] ==> lib [dl]
    arg [/home/hm/android-ndk-r15c/platforms/android-15/arch-arm/usr/lib/../lib/crtend_android.o] ==> ignore
  remove lib [gcc]
  remove lib [gcc]
  collapse library dir [/home/hm/android-ndk-r15c/toolchains/llvm/prebuilt/linux-x86_64/lib64/clang/5.0.300080/lib/linux/arm] ==> [/home/hm/android-ndk-r15c/toolchains/llvm/prebuilt/linux-x86_64/lib64/clang/5.0.300080/lib/linux/arm]
  collapse library dir [/home/hm/android-ndk-r15c/toolchains/arm-linux-androideabi-4.9/prebuilt/linux-x86_64/lib/gcc/arm-linux-androideabi/4.9.x/armv7-a/thumb] ==> [/home/hm/android-ndk-r15c/toolchains/arm-linux-androideabi-4.9/prebuilt/linux-x86_64/lib/gcc/arm-linux-androideabi/4.9.x/armv7-a/thumb]
  collapse library dir [/home/hm/android-ndk-r15c/toolchains/arm-linux-androideabi-4.9/prebuilt/linux-x86_64/lib/gcc/arm-linux-androideabi/4.9.x/../../../../arm-linux-androideabi/lib/../lib/armv7-a/thumb] ==> [/home/hm/android-ndk-r15c/toolchains/arm-linux-androideabi-4.9/prebuilt/linux-x86_64/arm-linux-androideabi/lib/armv7-a/thumb]
  collapse library dir [/home/hm/android-ndk-r15c/platforms/android-15/arch-arm/usr/lib/../lib] ==> [/home/hm/android-ndk-r15c/platforms/android-15/arch-arm/usr/lib]
  collapse library dir [/home/hm/android-ndk-r15c/toolchains/arm-linux-androideabi-4.9/prebuilt/linux-x86_64/lib/gcc/arm-linux-androideabi/4.9.x/../../../../arm-linux-androideabi/lib/armv7-a/thumb] ==> [/home/hm/android-ndk-r15c/toolchains/arm-linux-androideabi-4.9/prebuilt/linux-x86_64/arm-linux-androideabi/lib/armv7-a/thumb]
  collapse library dir [/home/hm/android-ndk-r15c/platforms/android-15/arch-arm/usr/lib] ==> [/home/hm/android-ndk-r15c/platforms/android-15/arch-arm/usr/lib]
  implicit libs: [dl;c;dl]
  implicit dirs: [/home/hm/android-ndk-r15c/toolchains/llvm/prebuilt/linux-x86_64/lib64/clang/5.0.300080/lib/linux/arm;/home/hm/android-ndk-r15c/toolchains/arm-linux-androideabi-4.9/prebuilt/linux-x86_64/lib/gcc/arm-linux-androideabi/4.9.x/armv7-a/thumb;/home/hm/android-ndk-r15c/toolchains/arm-linux-androideabi-4.9/prebuilt/linux-x86_64/arm-linux-androideabi/lib/armv7-a/thumb;/home/hm/android-ndk-r15c/platforms/android-15/arch-arm/usr/lib]
  implicit fwks: []




Detecting C [-std=c11] compiler features compiled with the following output:
Change Dir: /home/hm/cmake_sample/use_ndk_toolchain/c/build/CMakeFiles/CMakeTmp

Run Build Command:"/usr/bin/make" "cmTC_32ba7/fast"
/usr/bin/make -f CMakeFiles/cmTC_32ba7.dir/build.make CMakeFiles/cmTC_32ba7.dir/build
make[1]: Entering directory '/home/hm/cmake_sample/use_ndk_toolchain/c/build/CMakeFiles/CMakeTmp'
Building C object CMakeFiles/cmTC_32ba7.dir/feature_tests.c.o
/home/hm/android-ndk-r15c/toolchains/llvm/prebuilt/linux-x86_64/bin/clang  --target=armv7-none-linux-androideabi --gcc-toolchain=/home/hm/android-ndk-r15c/toolchains/arm-linux-androideabi-4.9/prebuilt/linux-x86_64 --sysroot=/home/hm/android-ndk-r15c/sysroot   -isystem /home/hm/android-ndk-r15c/sysroot/usr/include/arm-linux-androideabi -D__ANDROID_API__=15 -g -DANDROID -ffunction-sections -funwind-tables -fstack-protector-strong -no-canonical-prefixes -march=armv7-a -mfloat-abi=softfp -mfpu=vfpv3-d16 -fno-integrated-as -mthumb -Wa,--noexecstack -Wformat -Werror=format-security     -std=c11 -o CMakeFiles/cmTC_32ba7.dir/feature_tests.c.o   -c /home/hm/cmake_sample/use_ndk_toolchain/c/build/CMakeFiles/feature_tests.c
Linking C executable cmTC_32ba7
/home/hm/android_sdk/cmake/3.6.4111459/bin/cmake -E cmake_link_script CMakeFiles/cmTC_32ba7.dir/link.txt --verbose=1
/home/hm/android-ndk-r15c/toolchains/llvm/prebuilt/linux-x86_64/bin/clang  --target=armv7-none-linux-androideabi --gcc-toolchain=/home/hm/android-ndk-r15c/toolchains/arm-linux-androideabi-4.9/prebuilt/linux-x86_64 --sysroot=/home/hm/android-ndk-r15c/sysroot -isystem /home/hm/android-ndk-r15c/sysroot/usr/include/arm-linux-androideabi -D__ANDROID_API__=15 -g -DANDROID -ffunction-sections -funwind-tables -fstack-protector-strong -no-canonical-prefixes -march=armv7-a -mfloat-abi=softfp -mfpu=vfpv3-d16 -fno-integrated-as -mthumb -Wa,--noexecstack -Wformat -Werror=format-security    -Wl,--exclude-libs,libgcc.a --sysroot /home/hm/android-ndk-r15c/platforms/android-15/arch-arm -Wl,--build-id -Wl,--warn-shared-textrel -Wl,--fatal-warnings -Wl,--fix-cortex-a8 -Wl,--no-undefined -Wl,-z,noexecstack -Qunused-arguments -Wl,-z,relro -Wl,-z,now -Wl,--gc-sections -Wl,-z,nocopyreloc   CMakeFiles/cmTC_32ba7.dir/feature_tests.c.o  -o cmTC_32ba7 -lm 
make[1]: Leaving directory '/home/hm/cmake_sample/use_ndk_toolchain/c/build/CMakeFiles/CMakeTmp'


    Feature record: C_FEATURE:1c_function_prototypes
    Feature record: C_FEATURE:1c_restrict
    Feature record: C_FEATURE:1c_static_assert
    Feature record: C_FEATURE:1c_variadic_macros


Detecting C [-std=c99] compiler features compiled with the following output:
Change Dir: /home/hm/cmake_sample/use_ndk_toolchain/c/build/CMakeFiles/CMakeTmp

Run Build Command:"/usr/bin/make" "cmTC_7ac7e/fast"
/usr/bin/make -f CMakeFiles/cmTC_7ac7e.dir/build.make CMakeFiles/cmTC_7ac7e.dir/build
make[1]: Entering directory '/home/hm/cmake_sample/use_ndk_toolchain/c/build/CMakeFiles/CMakeTmp'
Building C object CMakeFiles/cmTC_7ac7e.dir/feature_tests.c.o
/home/hm/android-ndk-r15c/toolchains/llvm/prebuilt/linux-x86_64/bin/clang  --target=armv7-none-linux-androideabi --gcc-toolchain=/home/hm/android-ndk-r15c/toolchains/arm-linux-androideabi-4.9/prebuilt/linux-x86_64 --sysroot=/home/hm/android-ndk-r15c/sysroot   -isystem /home/hm/android-ndk-r15c/sysroot/usr/include/arm-linux-androideabi -D__ANDROID_API__=15 -g -DANDROID -ffunction-sections -funwind-tables -fstack-protector-strong -no-canonical-prefixes -march=armv7-a -mfloat-abi=softfp -mfpu=vfpv3-d16 -fno-integrated-as -mthumb -Wa,--noexecstack -Wformat -Werror=format-security     -std=c99 -o CMakeFiles/cmTC_7ac7e.dir/feature_tests.c.o   -c /home/hm/cmake_sample/use_ndk_toolchain/c/build/CMakeFiles/feature_tests.c
Linking C executable cmTC_7ac7e
/home/hm/android_sdk/cmake/3.6.4111459/bin/cmake -E cmake_link_script CMakeFiles/cmTC_7ac7e.dir/link.txt --verbose=1
/home/hm/android-ndk-r15c/toolchains/llvm/prebuilt/linux-x86_64/bin/clang  --target=armv7-none-linux-androideabi --gcc-toolchain=/home/hm/android-ndk-r15c/toolchains/arm-linux-androideabi-4.9/prebuilt/linux-x86_64 --sysroot=/home/hm/android-ndk-r15c/sysroot -isystem /home/hm/android-ndk-r15c/sysroot/usr/include/arm-linux-androideabi -D__ANDROID_API__=15 -g -DANDROID -ffunction-sections -funwind-tables -fstack-protector-strong -no-canonical-prefixes -march=armv7-a -mfloat-abi=softfp -mfpu=vfpv3-d16 -fno-integrated-as -mthumb -Wa,--noexecstack -Wformat -Werror=format-security    -Wl,--exclude-libs,libgcc.a --sysroot /home/hm/android-ndk-r15c/platforms/android-15/arch-arm -Wl,--build-id -Wl,--warn-shared-textrel -Wl,--fatal-warnings -Wl,--fix-cortex-a8 -Wl,--no-undefined -Wl,-z,noexecstack -Qunused-arguments -Wl,-z,relro -Wl,-z,now -Wl,--gc-sections -Wl,-z,nocopyreloc   CMakeFiles/cmTC_7ac7e.dir/feature_tests.c.o  -o cmTC_7ac7e -lm 
make[1]: Leaving directory '/home/hm/cmake_sample/use_ndk_toolchain/c/build/CMakeFiles/CMakeTmp'


    Feature record: C_FEATURE:1c_function_prototypes
    Feature record: C_FEATURE:1c_restrict
    Feature record: C_FEATURE:0c_static_assert
    Feature record: C_FEATURE:1c_variadic_macros


Detecting C [-std=c90] compiler features compiled with the following output:
Change Dir: /home/hm/cmake_sample/use_ndk_toolchain/c/build/CMakeFiles/CMakeTmp

Run Build Command:"/usr/bin/make" "cmTC_83e3e/fast"
/usr/bin/make -f CMakeFiles/cmTC_83e3e.dir/build.make CMakeFiles/cmTC_83e3e.dir/build
make[1]: Entering directory '/home/hm/cmake_sample/use_ndk_toolchain/c/build/CMakeFiles/CMakeTmp'
Building C object CMakeFiles/cmTC_83e3e.dir/feature_tests.c.o
/home/hm/android-ndk-r15c/toolchains/llvm/prebuilt/linux-x86_64/bin/clang  --target=armv7-none-linux-androideabi --gcc-toolchain=/home/hm/android-ndk-r15c/toolchains/arm-linux-androideabi-4.9/prebuilt/linux-x86_64 --sysroot=/home/hm/android-ndk-r15c/sysroot   -isystem /home/hm/android-ndk-r15c/sysroot/usr/include/arm-linux-androideabi -D__ANDROID_API__=15 -g -DANDROID -ffunction-sections -funwind-tables -fstack-protector-strong -no-canonical-prefixes -march=armv7-a -mfloat-abi=softfp -mfpu=vfpv3-d16 -fno-integrated-as -mthumb -Wa,--noexecstack -Wformat -Werror=format-security     -std=c90 -o CMakeFiles/cmTC_83e3e.dir/feature_tests.c.o   -c /home/hm/cmake_sample/use_ndk_toolchain/c/build/CMakeFiles/feature_tests.c
Linking C executable cmTC_83e3e
/home/hm/android_sdk/cmake/3.6.4111459/bin/cmake -E cmake_link_script CMakeFiles/cmTC_83e3e.dir/link.txt --verbose=1
/home/hm/android-ndk-r15c/toolchains/llvm/prebuilt/linux-x86_64/bin/clang  --target=armv7-none-linux-androideabi --gcc-toolchain=/home/hm/android-ndk-r15c/toolchains/arm-linux-androideabi-4.9/prebuilt/linux-x86_64 --sysroot=/home/hm/android-ndk-r15c/sysroot -isystem /home/hm/android-ndk-r15c/sysroot/usr/include/arm-linux-androideabi -D__ANDROID_API__=15 -g -DANDROID -ffunction-sections -funwind-tables -fstack-protector-strong -no-canonical-prefixes -march=armv7-a -mfloat-abi=softfp -mfpu=vfpv3-d16 -fno-integrated-as -mthumb -Wa,--noexecstack -Wformat -Werror=format-security    -Wl,--exclude-libs,libgcc.a --sysroot /home/hm/android-ndk-r15c/platforms/android-15/arch-arm -Wl,--build-id -Wl,--warn-shared-textrel -Wl,--fatal-warnings -Wl,--fix-cortex-a8 -Wl,--no-undefined -Wl,-z,noexecstack -Qunused-arguments -Wl,-z,relro -Wl,-z,now -Wl,--gc-sections -Wl,-z,nocopyreloc   CMakeFiles/cmTC_83e3e.dir/feature_tests.c.o  -o cmTC_83e3e -lm 
make[1]: Leaving directory '/home/hm/cmake_sample/use_ndk_toolchain/c/build/CMakeFiles/CMakeTmp'


    Feature record: C_FEATURE:1c_function_prototypes
    Feature record: C_FEATURE:0c_restrict
    Feature record: C_FEATURE:0c_static_assert
    Feature record: C_FEATURE:0c_variadic_macros
Determining if the CXX compiler works passed with the following output:
Change Dir: /home/hm/cmake_sample/use_ndk_toolchain/c/build/CMakeFiles/CMakeTmp

Run Build Command:"/usr/bin/make" "cmTC_28e81/fast"
/usr/bin/make -f CMakeFiles/cmTC_28e81.dir/build.make CMakeFiles/cmTC_28e81.dir/build
make[1]: Entering directory '/home/hm/cmake_sample/use_ndk_toolchain/c/build/CMakeFiles/CMakeTmp'
Building CXX object CMakeFiles/cmTC_28e81.dir/testCXXCompiler.cxx.o
/home/hm/android-ndk-r15c/toolchains/llvm/prebuilt/linux-x86_64/bin/clang++  --target=armv7-none-linux-androideabi --gcc-toolchain=/home/hm/android-ndk-r15c/toolchains/arm-linux-androideabi-4.9/prebuilt/linux-x86_64 --sysroot=/home/hm/android-ndk-r15c/sysroot   -isystem /home/hm/android-ndk-r15c/sources/cxx-stl/gnu-libstdc++/4.9/include -isystem /home/hm/android-ndk-r15c/sources/cxx-stl/gnu-libstdc++/4.9/libs/armeabi-v7a/include -isystem /home/hm/android-ndk-r15c/sources/cxx-stl/gnu-libstdc++/4.9/include/backward  -isystem /home/hm/android-ndk-r15c/sysroot/usr/include/arm-linux-androideabi -D__ANDROID_API__=15 -g -DANDROID -ffunction-sections -funwind-tables -fstack-protector-strong -no-canonical-prefixes -march=armv7-a -mfloat-abi=softfp -mfpu=vfpv3-d16 -fno-integrated-as -mthumb -Wa,--noexecstack -Wformat -Werror=format-security      -o CMakeFiles/cmTC_28e81.dir/testCXXCompiler.cxx.o -c /home/hm/cmake_sample/use_ndk_toolchain/c/build/CMakeFiles/CMakeTmp/testCXXCompiler.cxx
Linking CXX executable cmTC_28e81
/home/hm/android_sdk/cmake/3.6.4111459/bin/cmake -E cmake_link_script CMakeFiles/cmTC_28e81.dir/link.txt --verbose=1
/home/hm/android-ndk-r15c/toolchains/llvm/prebuilt/linux-x86_64/bin/clang++  --target=armv7-none-linux-androideabi --gcc-toolchain=/home/hm/android-ndk-r15c/toolchains/arm-linux-androideabi-4.9/prebuilt/linux-x86_64 --sysroot=/home/hm/android-ndk-r15c/sysroot  -isystem /home/hm/android-ndk-r15c/sysroot/usr/include/arm-linux-androideabi -D__ANDROID_API__=15 -g -DANDROID -ffunction-sections -funwind-tables -fstack-protector-strong -no-canonical-prefixes -march=armv7-a -mfloat-abi=softfp -mfpu=vfpv3-d16 -fno-integrated-as -mthumb -Wa,--noexecstack -Wformat -Werror=format-security     -Wl,--exclude-libs,libgcc.a --sysroot /home/hm/android-ndk-r15c/platforms/android-15/arch-arm -Wl,--build-id -Wl,--warn-shared-textrel -Wl,--fatal-warnings -Wl,--fix-cortex-a8 -Wl,--no-undefined -Wl,-z,noexecstack -Qunused-arguments -Wl,-z,relro -Wl,-z,now -Wl,--gc-sections -Wl,-z,nocopyreloc   CMakeFiles/cmTC_28e81.dir/testCXXCompiler.cxx.o  -o cmTC_28e81 -lm "/home/hm/android-ndk-r15c/sources/cxx-stl/gnu-libstdc++/4.9/libs/armeabi-v7a/libgnustl_static.a" 
make[1]: Leaving directory '/home/hm/cmake_sample/use_ndk_toolchain/c/build/CMakeFiles/CMakeTmp'


Detecting CXX compiler ABI info compiled with the following output:
Change Dir: /home/hm/cmake_sample/use_ndk_toolchain/c/build/CMakeFiles/CMakeTmp

Run Build Command:"/usr/bin/make" "cmTC_741b8/fast"
/usr/bin/make -f CMakeFiles/cmTC_741b8.dir/build.make CMakeFiles/cmTC_741b8.dir/build
make[1]: Entering directory '/home/hm/cmake_sample/use_ndk_toolchain/c/build/CMakeFiles/CMakeTmp'
Building CXX object CMakeFiles/cmTC_741b8.dir/CMakeCXXCompilerABI.cpp.o
/home/hm/android-ndk-r15c/toolchains/llvm/prebuilt/linux-x86_64/bin/clang++  --target=armv7-none-linux-androideabi --gcc-toolchain=/home/hm/android-ndk-r15c/toolchains/arm-linux-androideabi-4.9/prebuilt/linux-x86_64 --sysroot=/home/hm/android-ndk-r15c/sysroot   -isystem /home/hm/android-ndk-r15c/sources/cxx-stl/gnu-libstdc++/4.9/include -isystem /home/hm/android-ndk-r15c/sources/cxx-stl/gnu-libstdc++/4.9/libs/armeabi-v7a/include -isystem /home/hm/android-ndk-r15c/sources/cxx-stl/gnu-libstdc++/4.9/include/backward  -isystem /home/hm/android-ndk-r15c/sysroot/usr/include/arm-linux-androideabi -D__ANDROID_API__=15 -g -DANDROID -ffunction-sections -funwind-tables -fstack-protector-strong -no-canonical-prefixes -march=armv7-a -mfloat-abi=softfp -mfpu=vfpv3-d16 -fno-integrated-as -mthumb -Wa,--noexecstack -Wformat -Werror=format-security      -o CMakeFiles/cmTC_741b8.dir/CMakeCXXCompilerABI.cpp.o -c /home/hm/android_sdk/cmake/3.6.4111459/share/cmake-3.6/Modules/CMakeCXXCompilerABI.cpp
Linking CXX executable cmTC_741b8
/home/hm/android_sdk/cmake/3.6.4111459/bin/cmake -E cmake_link_script CMakeFiles/cmTC_741b8.dir/link.txt --verbose=1
/home/hm/android-ndk-r15c/toolchains/llvm/prebuilt/linux-x86_64/bin/clang++  --target=armv7-none-linux-androideabi --gcc-toolchain=/home/hm/android-ndk-r15c/toolchains/arm-linux-androideabi-4.9/prebuilt/linux-x86_64 --sysroot=/home/hm/android-ndk-r15c/sysroot  -isystem /home/hm/android-ndk-r15c/sysroot/usr/include/arm-linux-androideabi -D__ANDROID_API__=15 -g -DANDROID -ffunction-sections -funwind-tables -fstack-protector-strong -no-canonical-prefixes -march=armv7-a -mfloat-abi=softfp -mfpu=vfpv3-d16 -fno-integrated-as -mthumb -Wa,--noexecstack -Wformat -Werror=format-security     -Wl,--exclude-libs,libgcc.a --sysroot /home/hm/android-ndk-r15c/platforms/android-15/arch-arm -Wl,--build-id -Wl,--warn-shared-textrel -Wl,--fatal-warnings -Wl,--fix-cortex-a8 -Wl,--no-undefined -Wl,-z,noexecstack -Qunused-arguments -Wl,-z,relro -Wl,-z,now -Wl,--gc-sections -Wl,-z,nocopyreloc  -v CMakeFiles/cmTC_741b8.dir/CMakeCXXCompilerABI.cpp.o  -o cmTC_741b8  
Android clang version 5.0.300080  (based on LLVM 5.0.300080)
Target: armv7-none-linux-android
Thread model: posix
InstalledDir: /home/hm/android-ndk-r15c/toolchains/llvm/prebuilt/linux-x86_64/bin
Found candidate GCC installation: /home/hm/android-ndk-r15c/toolchains/arm-linux-androideabi-4.9/prebuilt/linux-x86_64/lib/gcc/arm-linux-androideabi/4.9.x
Selected GCC installation: /home/hm/android-ndk-r15c/toolchains/arm-linux-androideabi-4.9/prebuilt/linux-x86_64/lib/gcc/arm-linux-androideabi/4.9.x
Candidate multilib: thumb;@thumb
Candidate multilib: armv7-a;@armv7
Candidate multilib: armv7-a/thumb;@armv7@thumb
Candidate multilib: .;
Selected multilib: armv7-a/thumb;@armv7@thumb
 "/home/hm/android-ndk-r15c/toolchains/arm-linux-androideabi-4.9/prebuilt/linux-x86_64/lib/gcc/arm-linux-androideabi/4.9.x/../../../../arm-linux-androideabi/bin/ld" --sysroot=/home/hm/android-ndk-r15c/platforms/android-15/arch-arm -z relro -X --eh-frame-hdr -m armelf_linux_eabi -dynamic-linker /system/bin/linker -o cmTC_741b8 /home/hm/android-ndk-r15c/platforms/android-15/arch-arm/usr/lib/../lib/crtbegin_dynamic.o -L/home/hm/android-ndk-r15c/toolchains/llvm/prebuilt/linux-x86_64/lib64/clang/5.0.300080/lib/linux/arm -L/home/hm/android-ndk-r15c/toolchains/arm-linux-androideabi-4.9/prebuilt/linux-x86_64/lib/gcc/arm-linux-androideabi/4.9.x/armv7-a/thumb -L/home/hm/android-ndk-r15c/toolchains/arm-linux-androideabi-4.9/prebuilt/linux-x86_64/lib/gcc/arm-linux-androideabi/4.9.x/../../../../arm-linux-androideabi/lib/../lib/armv7-a/thumb -L/home/hm/android-ndk-r15c/platforms/android-15/arch-arm/usr/lib/../lib -L/home/hm/android-ndk-r15c/toolchains/arm-linux-androideabi-4.9/prebuilt/linux-x86_64/lib/gcc/arm-linux-androideabi/4.9.x/../../../../arm-linux-androideabi/lib/armv7-a/thumb -L/home/hm/android-ndk-r15c/platforms/android-15/arch-arm/usr/lib --exclude-libs libgcc.a --build-id --warn-shared-textrel --fatal-warnings --fix-cortex-a8 --no-undefined -z noexecstack -z relro -z now --gc-sections -z nocopyreloc CMakeFiles/cmTC_741b8.dir/CMakeCXXCompilerABI.cpp.o -lstdc++ -lm -lgcc -lgcc -ldl -lc -lgcc -lgcc -ldl /home/hm/android-ndk-r15c/platforms/android-15/arch-arm/usr/lib/../lib/crtend_android.o
make[1]: Leaving directory '/home/hm/cmake_sample/use_ndk_toolchain/c/build/CMakeFiles/CMakeTmp'


Parsed CXX implicit link information from above output:
  link line regex: [^( *|.*[/\])(arm-linux-androideabi-ld|([^/\]+-)?ld|collect2)[^/\]*( |$)]
  ignore line: [Change Dir: /home/hm/cmake_sample/use_ndk_toolchain/c/build/CMakeFiles/CMakeTmp]
  ignore line: []
  ignore line: [Run Build Command:"/usr/bin/make" "cmTC_741b8/fast"]
  ignore line: [/usr/bin/make -f CMakeFiles/cmTC_741b8.dir/build.make CMakeFiles/cmTC_741b8.dir/build]
  ignore line: [make[1]: Entering directory '/home/hm/cmake_sample/use_ndk_toolchain/c/build/CMakeFiles/CMakeTmp']
  ignore line: [Building CXX object CMakeFiles/cmTC_741b8.dir/CMakeCXXCompilerABI.cpp.o]
  ignore line: [/home/hm/android-ndk-r15c/toolchains/llvm/prebuilt/linux-x86_64/bin/clang++  --target=armv7-none-linux-androideabi --gcc-toolchain=/home/hm/android-ndk-r15c/toolchains/arm-linux-androideabi-4.9/prebuilt/linux-x86_64 --sysroot=/home/hm/android-ndk-r15c/sysroot   -isystem /home/hm/android-ndk-r15c/sources/cxx-stl/gnu-libstdc++/4.9/include -isystem /home/hm/android-ndk-r15c/sources/cxx-stl/gnu-libstdc++/4.9/libs/armeabi-v7a/include -isystem /home/hm/android-ndk-r15c/sources/cxx-stl/gnu-libstdc++/4.9/include/backward  -isystem /home/hm/android-ndk-r15c/sysroot/usr/include/arm-linux-androideabi -D__ANDROID_API__=15 -g -DANDROID -ffunction-sections -funwind-tables -fstack-protector-strong -no-canonical-prefixes -march=armv7-a -mfloat-abi=softfp -mfpu=vfpv3-d16 -fno-integrated-as -mthumb -Wa,--noexecstack -Wformat -Werror=format-security      -o CMakeFiles/cmTC_741b8.dir/CMakeCXXCompilerABI.cpp.o -c /home/hm/android_sdk/cmake/3.6.4111459/share/cmake-3.6/Modules/CMakeCXXCompilerABI.cpp]
  ignore line: [Linking CXX executable cmTC_741b8]
  ignore line: [/home/hm/android_sdk/cmake/3.6.4111459/bin/cmake -E cmake_link_script CMakeFiles/cmTC_741b8.dir/link.txt --verbose=1]
  ignore line: [/home/hm/android-ndk-r15c/toolchains/llvm/prebuilt/linux-x86_64/bin/clang++  --target=armv7-none-linux-androideabi --gcc-toolchain=/home/hm/android-ndk-r15c/toolchains/arm-linux-androideabi-4.9/prebuilt/linux-x86_64 --sysroot=/home/hm/android-ndk-r15c/sysroot  -isystem /home/hm/android-ndk-r15c/sysroot/usr/include/arm-linux-androideabi -D__ANDROID_API__=15 -g -DANDROID -ffunction-sections -funwind-tables -fstack-protector-strong -no-canonical-prefixes -march=armv7-a -mfloat-abi=softfp -mfpu=vfpv3-d16 -fno-integrated-as -mthumb -Wa,--noexecstack -Wformat -Werror=format-security     -Wl,--exclude-libs,libgcc.a --sysroot /home/hm/android-ndk-r15c/platforms/android-15/arch-arm -Wl,--build-id -Wl,--warn-shared-textrel -Wl,--fatal-warnings -Wl,--fix-cortex-a8 -Wl,--no-undefined -Wl,-z,noexecstack -Qunused-arguments -Wl,-z,relro -Wl,-z,now -Wl,--gc-sections -Wl,-z,nocopyreloc  -v CMakeFiles/cmTC_741b8.dir/CMakeCXXCompilerABI.cpp.o  -o cmTC_741b8  ]
  ignore line: [Android clang version 5.0.300080  (based on LLVM 5.0.300080)]
  ignore line: [Target: armv7-none-linux-android]
  ignore line: [Thread model: posix]
  ignore line: [InstalledDir: /home/hm/android-ndk-r15c/toolchains/llvm/prebuilt/linux-x86_64/bin]
  ignore line: [Found candidate GCC installation: /home/hm/android-ndk-r15c/toolchains/arm-linux-androideabi-4.9/prebuilt/linux-x86_64/lib/gcc/arm-linux-androideabi/4.9.x]
  ignore line: [Selected GCC installation: /home/hm/android-ndk-r15c/toolchains/arm-linux-androideabi-4.9/prebuilt/linux-x86_64/lib/gcc/arm-linux-androideabi/4.9.x]
  ignore line: [Candidate multilib: thumb]
  ignore line: [@thumb]
  ignore line: [Candidate multilib: armv7-a]
  ignore line: [@armv7]
  ignore line: [Candidate multilib: armv7-a/thumb]
  ignore line: [@armv7@thumb]
  ignore line: [Candidate multilib: .]
  ignore line: []
  ignore line: [Selected multilib: armv7-a/thumb]
  ignore line: [@armv7@thumb]
  link line: [ "/home/hm/android-ndk-r15c/toolchains/arm-linux-androideabi-4.9/prebuilt/linux-x86_64/lib/gcc/arm-linux-androideabi/4.9.x/../../../../arm-linux-androideabi/bin/ld" --sysroot=/home/hm/android-ndk-r15c/platforms/android-15/arch-arm -z relro -X --eh-frame-hdr -m armelf_linux_eabi -dynamic-linker /system/bin/linker -o cmTC_741b8 /home/hm/android-ndk-r15c/platforms/android-15/arch-arm/usr/lib/../lib/crtbegin_dynamic.o -L/home/hm/android-ndk-r15c/toolchains/llvm/prebuilt/linux-x86_64/lib64/clang/5.0.300080/lib/linux/arm -L/home/hm/android-ndk-r15c/toolchains/arm-linux-androideabi-4.9/prebuilt/linux-x86_64/lib/gcc/arm-linux-androideabi/4.9.x/armv7-a/thumb -L/home/hm/android-ndk-r15c/toolchains/arm-linux-androideabi-4.9/prebuilt/linux-x86_64/lib/gcc/arm-linux-androideabi/4.9.x/../../../../arm-linux-androideabi/lib/../lib/armv7-a/thumb -L/home/hm/android-ndk-r15c/platforms/android-15/arch-arm/usr/lib/../lib -L/home/hm/android-ndk-r15c/toolchains/arm-linux-androideabi-4.9/prebuilt/linux-x86_64/lib/gcc/arm-linux-androideabi/4.9.x/../../../../arm-linux-androideabi/lib/armv7-a/thumb -L/home/hm/android-ndk-r15c/platforms/android-15/arch-arm/usr/lib --exclude-libs libgcc.a --build-id --warn-shared-textrel --fatal-warnings --fix-cortex-a8 --no-undefined -z noexecstack -z relro -z now --gc-sections -z nocopyreloc CMakeFiles/cmTC_741b8.dir/CMakeCXXCompilerABI.cpp.o -lstdc++ -lm -lgcc -lgcc -ldl -lc -lgcc -lgcc -ldl /home/hm/android-ndk-r15c/platforms/android-15/arch-arm/usr/lib/../lib/crtend_android.o]
    arg [/home/hm/android-ndk-r15c/toolchains/arm-linux-androideabi-4.9/prebuilt/linux-x86_64/lib/gcc/arm-linux-androideabi/4.9.x/../../../../arm-linux-androideabi/bin/ld] ==> ignore
    arg [--sysroot=/home/hm/android-ndk-r15c/platforms/android-15/arch-arm] ==> ignore
    arg [-zrelro] ==> ignore
    arg [-X] ==> ignore
    arg [--eh-frame-hdr] ==> ignore
    arg [-m] ==> ignore
    arg [armelf_linux_eabi] ==> ignore
    arg [-dynamic-linker] ==> ignore
    arg [/system/bin/linker] ==> ignore
    arg [-o] ==> ignore
    arg [cmTC_741b8] ==> ignore
    arg [/home/hm/android-ndk-r15c/platforms/android-15/arch-arm/usr/lib/../lib/crtbegin_dynamic.o] ==> ignore
    arg [-L/home/hm/android-ndk-r15c/toolchains/llvm/prebuilt/linux-x86_64/lib64/clang/5.0.300080/lib/linux/arm] ==> dir [/home/hm/android-ndk-r15c/toolchains/llvm/prebuilt/linux-x86_64/lib64/clang/5.0.300080/lib/linux/arm]
    arg [-L/home/hm/android-ndk-r15c/toolchains/arm-linux-androideabi-4.9/prebuilt/linux-x86_64/lib/gcc/arm-linux-androideabi/4.9.x/armv7-a/thumb] ==> dir [/home/hm/android-ndk-r15c/toolchains/arm-linux-androideabi-4.9/prebuilt/linux-x86_64/lib/gcc/arm-linux-androideabi/4.9.x/armv7-a/thumb]
    arg [-L/home/hm/android-ndk-r15c/toolchains/arm-linux-androideabi-4.9/prebuilt/linux-x86_64/lib/gcc/arm-linux-androideabi/4.9.x/../../../../arm-linux-androideabi/lib/../lib/armv7-a/thumb] ==> dir [/home/hm/android-ndk-r15c/toolchains/arm-linux-androideabi-4.9/prebuilt/linux-x86_64/lib/gcc/arm-linux-androideabi/4.9.x/../../../../arm-linux-androideabi/lib/../lib/armv7-a/thumb]
    arg [-L/home/hm/android-ndk-r15c/platforms/android-15/arch-arm/usr/lib/../lib] ==> dir [/home/hm/android-ndk-r15c/platforms/android-15/arch-arm/usr/lib/../lib]
    arg [-L/home/hm/android-ndk-r15c/toolchains/arm-linux-androideabi-4.9/prebuilt/linux-x86_64/lib/gcc/arm-linux-androideabi/4.9.x/../../../../arm-linux-androideabi/lib/armv7-a/thumb] ==> dir [/home/hm/android-ndk-r15c/toolchains/arm-linux-androideabi-4.9/prebuilt/linux-x86_64/lib/gcc/arm-linux-androideabi/4.9.x/../../../../arm-linux-androideabi/lib/armv7-a/thumb]
    arg [-L/home/hm/android-ndk-r15c/platforms/android-15/arch-arm/usr/lib] ==> dir [/home/hm/android-ndk-r15c/platforms/android-15/arch-arm/usr/lib]
    arg [--exclude-libs] ==> ignore
    arg [libgcc.a] ==> ignore
    arg [--build-id] ==> ignore
    arg [--warn-shared-textrel] ==> ignore
    arg [--fatal-warnings] ==> ignore
    arg [--fix-cortex-a8] ==> ignore
    arg [--no-undefined] ==> ignore
    arg [-znoexecstack] ==> ignore
    arg [-zrelro] ==> ignore
    arg [-znow] ==> ignore
    arg [--gc-sections] ==> ignore
    arg [-znocopyreloc] ==> ignore
    arg [CMakeFiles/cmTC_741b8.dir/CMakeCXXCompilerABI.cpp.o] ==> ignore
    arg [-lstdc++] ==> lib [stdc++]
    arg [-lm] ==> lib [m]
    arg [-lgcc] ==> lib [gcc]
    arg [-lgcc] ==> lib [gcc]
    arg [-ldl] ==> lib [dl]
    arg [-lc] ==> lib [c]
    arg [-lgcc] ==> lib [gcc]
    arg [-lgcc] ==> lib [gcc]
    arg [-ldl] ==> lib [dl]
    arg [/home/hm/android-ndk-r15c/platforms/android-15/arch-arm/usr/lib/../lib/crtend_android.o] ==> ignore
  remove lib [gcc]
  remove lib [gcc]
  remove lib [gcc]
  remove lib [gcc]
  collapse library dir [/home/hm/android-ndk-r15c/toolchains/llvm/prebuilt/linux-x86_64/lib64/clang/5.0.300080/lib/linux/arm] ==> [/home/hm/android-ndk-r15c/toolchains/llvm/prebuilt/linux-x86_64/lib64/clang/5.0.300080/lib/linux/arm]
  collapse library dir [/home/hm/android-ndk-r15c/toolchains/arm-linux-androideabi-4.9/prebuilt/linux-x86_64/lib/gcc/arm-linux-androideabi/4.9.x/armv7-a/thumb] ==> [/home/hm/android-ndk-r15c/toolchains/arm-linux-androideabi-4.9/prebuilt/linux-x86_64/lib/gcc/arm-linux-androideabi/4.9.x/armv7-a/thumb]
  collapse library dir [/home/hm/android-ndk-r15c/toolchains/arm-linux-androideabi-4.9/prebuilt/linux-x86_64/lib/gcc/arm-linux-androideabi/4.9.x/../../../../arm-linux-androideabi/lib/../lib/armv7-a/thumb] ==> [/home/hm/android-ndk-r15c/toolchains/arm-linux-androideabi-4.9/prebuilt/linux-x86_64/arm-linux-androideabi/lib/armv7-a/thumb]
  collapse library dir [/home/hm/android-ndk-r15c/platforms/android-15/arch-arm/usr/lib/../lib] ==> [/home/hm/android-ndk-r15c/platforms/android-15/arch-arm/usr/lib]
  collapse library dir [/home/hm/android-ndk-r15c/toolchains/arm-linux-androideabi-4.9/prebuilt/linux-x86_64/lib/gcc/arm-linux-androideabi/4.9.x/../../../../arm-linux-androideabi/lib/armv7-a/thumb] ==> [/home/hm/android-ndk-r15c/toolchains/arm-linux-androideabi-4.9/prebuilt/linux-x86_64/arm-linux-androideabi/lib/armv7-a/thumb]
  collapse library dir [/home/hm/android-ndk-r15c/platforms/android-15/arch-arm/usr/lib] ==> [/home/hm/android-ndk-r15c/platforms/android-15/arch-arm/usr/lib]
  implicit libs: [stdc++;m;dl;c;dl]
  implicit dirs: [/home/hm/android-ndk-r15c/toolchains/llvm/prebuilt/linux-x86_64/lib64/clang/5.0.300080/lib/linux/arm;/home/hm/android-ndk-r15c/toolchains/arm-linux-androideabi-4.9/prebuilt/linux-x86_64/lib/gcc/arm-linux-androideabi/4.9.x/armv7-a/thumb;/home/hm/android-ndk-r15c/toolchains/arm-linux-androideabi-4.9/prebuilt/linux-x86_64/arm-linux-androideabi/lib/armv7-a/thumb;/home/hm/android-ndk-r15c/platforms/android-15/arch-arm/usr/lib]
  implicit fwks: []




Detecting CXX [-std=c++14] compiler features compiled with the following output:
Change Dir: /home/hm/cmake_sample/use_ndk_toolchain/c/build/CMakeFiles/CMakeTmp

Run Build Command:"/usr/bin/make" "cmTC_78bb9/fast"
/usr/bin/make -f CMakeFiles/cmTC_78bb9.dir/build.make CMakeFiles/cmTC_78bb9.dir/build
make[1]: Entering directory '/home/hm/cmake_sample/use_ndk_toolchain/c/build/CMakeFiles/CMakeTmp'
Building CXX object CMakeFiles/cmTC_78bb9.dir/feature_tests.cxx.o
/home/hm/android-ndk-r15c/toolchains/llvm/prebuilt/linux-x86_64/bin/clang++  --target=armv7-none-linux-androideabi --gcc-toolchain=/home/hm/android-ndk-r15c/toolchains/arm-linux-androideabi-4.9/prebuilt/linux-x86_64 --sysroot=/home/hm/android-ndk-r15c/sysroot   -isystem /home/hm/android-ndk-r15c/sources/cxx-stl/gnu-libstdc++/4.9/include -isystem /home/hm/android-ndk-r15c/sources/cxx-stl/gnu-libstdc++/4.9/libs/armeabi-v7a/include -isystem /home/hm/android-ndk-r15c/sources/cxx-stl/gnu-libstdc++/4.9/include/backward  -isystem /home/hm/android-ndk-r15c/sysroot/usr/include/arm-linux-androideabi -D__ANDROID_API__=15 -g -DANDROID -ffunction-sections -funwind-tables -fstack-protector-strong -no-canonical-prefixes -march=armv7-a -mfloat-abi=softfp -mfpu=vfpv3-d16 -fno-integrated-as -mthumb -Wa,--noexecstack -Wformat -Werror=format-security      -std=c++14 -o CMakeFiles/cmTC_78bb9.dir/feature_tests.cxx.o -c /home/hm/cmake_sample/use_ndk_toolchain/c/build/CMakeFiles/feature_tests.cxx
Linking CXX executable cmTC_78bb9
/home/hm/android_sdk/cmake/3.6.4111459/bin/cmake -E cmake_link_script CMakeFiles/cmTC_78bb9.dir/link.txt --verbose=1
/home/hm/android-ndk-r15c/toolchains/llvm/prebuilt/linux-x86_64/bin/clang++  --target=armv7-none-linux-androideabi --gcc-toolchain=/home/hm/android-ndk-r15c/toolchains/arm-linux-androideabi-4.9/prebuilt/linux-x86_64 --sysroot=/home/hm/android-ndk-r15c/sysroot  -isystem /home/hm/android-ndk-r15c/sysroot/usr/include/arm-linux-androideabi -D__ANDROID_API__=15 -g -DANDROID -ffunction-sections -funwind-tables -fstack-protector-strong -no-canonical-prefixes -march=armv7-a -mfloat-abi=softfp -mfpu=vfpv3-d16 -fno-integrated-as -mthumb -Wa,--noexecstack -Wformat -Werror=format-security     -Wl,--exclude-libs,libgcc.a --sysroot /home/hm/android-ndk-r15c/platforms/android-15/arch-arm -Wl,--build-id -Wl,--warn-shared-textrel -Wl,--fatal-warnings -Wl,--fix-cortex-a8 -Wl,--no-undefined -Wl,-z,noexecstack -Qunused-arguments -Wl,-z,relro -Wl,-z,now -Wl,--gc-sections -Wl,-z,nocopyreloc   CMakeFiles/cmTC_78bb9.dir/feature_tests.cxx.o  -o cmTC_78bb9 -lm "/home/hm/android-ndk-r15c/sources/cxx-stl/gnu-libstdc++/4.9/libs/armeabi-v7a/libgnustl_static.a" 
make[1]: Leaving directory '/home/hm/cmake_sample/use_ndk_toolchain/c/build/CMakeFiles/CMakeTmp'


    Feature record: CXX_FEATURE:1cxx_aggregate_default_initializers
    Feature record: CXX_FEATURE:1cxx_alias_templates
    Feature record: CXX_FEATURE:1cxx_alignas
    Feature record: CXX_FEATURE:1cxx_alignof
    Feature record: CXX_FEATURE:1cxx_attributes
    Feature record: CXX_FEATURE:1cxx_attribute_deprecated
    Feature record: CXX_FEATURE:1cxx_auto_type
    Feature record: CXX_FEATURE:1cxx_binary_literals
    Feature record: CXX_FEATURE:1cxx_constexpr
    Feature record: CXX_FEATURE:1cxx_contextual_conversions
    Feature record: CXX_FEATURE:1cxx_decltype
    Feature record: CXX_FEATURE:1cxx_decltype_auto
    Feature record: CXX_FEATURE:1cxx_decltype_incomplete_return_types
    Feature record: CXX_FEATURE:1cxx_default_function_template_args
    Feature record: CXX_FEATURE:1cxx_defaulted_functions
    Feature record: CXX_FEATURE:1cxx_defaulted_move_initializers
    Feature record: CXX_FEATURE:1cxx_delegating_constructors
    Feature record: CXX_FEATURE:1cxx_deleted_functions
    Feature record: CXX_FEATURE:1cxx_digit_separators
    Feature record: CXX_FEATURE:1cxx_enum_forward_declarations
    Feature record: CXX_FEATURE:1cxx_explicit_conversions
    Feature record: CXX_FEATURE:1cxx_extended_friend_declarations
    Feature record: CXX_FEATURE:1cxx_extern_templates
    Feature record: CXX_FEATURE:1cxx_final
    Feature record: CXX_FEATURE:1cxx_func_identifier
    Feature record: CXX_FEATURE:1cxx_generalized_initializers
    Feature record: CXX_FEATURE:1cxx_generic_lambdas
    Feature record: CXX_FEATURE:1cxx_inheriting_constructors
    Feature record: CXX_FEATURE:1cxx_inline_namespaces
    Feature record: CXX_FEATURE:1cxx_lambdas
    Feature record: CXX_FEATURE:1cxx_lambda_init_captures
    Feature record: CXX_FEATURE:1cxx_local_type_template_args
    Feature record: CXX_FEATURE:1cxx_long_long_type
    Feature record: CXX_FEATURE:1cxx_noexcept
    Feature record: CXX_FEATURE:1cxx_nonstatic_member_init
    Feature record: CXX_FEATURE:1cxx_nullptr
    Feature record: CXX_FEATURE:1cxx_override
    Feature record: CXX_FEATURE:1cxx_range_for
    Feature record: CXX_FEATURE:1cxx_raw_string_literals
    Feature record: CXX_FEATURE:1cxx_reference_qualified_functions
    Feature record: CXX_FEATURE:1cxx_relaxed_constexpr
    Feature record: CXX_FEATURE:1cxx_return_type_deduction
    Feature record: CXX_FEATURE:1cxx_right_angle_brackets
    Feature record: CXX_FEATURE:1cxx_rvalue_references
    Feature record: CXX_FEATURE:1cxx_sizeof_member
    Feature record: CXX_FEATURE:1cxx_static_assert
    Feature record: CXX_FEATURE:1cxx_strong_enums
    Feature record: CXX_FEATURE:1cxx_template_template_parameters
    Feature record: CXX_FEATURE:1cxx_thread_local
    Feature record: CXX_FEATURE:1cxx_trailing_return_types
    Feature record: CXX_FEATURE:1cxx_unicode_literals
    Feature record: CXX_FEATURE:1cxx_uniform_initialization
    Feature record: CXX_FEATURE:1cxx_unrestricted_unions
    Feature record: CXX_FEATURE:1cxx_user_literals
    Feature record: CXX_FEATURE:1cxx_variable_templates
    Feature record: CXX_FEATURE:1cxx_variadic_macros
    Feature record: CXX_FEATURE:1cxx_variadic_templates


Detecting CXX [-std=c++11] compiler features compiled with the following output:
Change Dir: /home/hm/cmake_sample/use_ndk_toolchain/c/build/CMakeFiles/CMakeTmp

Run Build Command:"/usr/bin/make" "cmTC_f4f99/fast"
/usr/bin/make -f CMakeFiles/cmTC_f4f99.dir/build.make CMakeFiles/cmTC_f4f99.dir/build
make[1]: Entering directory '/home/hm/cmake_sample/use_ndk_toolchain/c/build/CMakeFiles/CMakeTmp'
Building CXX object CMakeFiles/cmTC_f4f99.dir/feature_tests.cxx.o
/home/hm/android-ndk-r15c/toolchains/llvm/prebuilt/linux-x86_64/bin/clang++  --target=armv7-none-linux-androideabi --gcc-toolchain=/home/hm/android-ndk-r15c/toolchains/arm-linux-androideabi-4.9/prebuilt/linux-x86_64 --sysroot=/home/hm/android-ndk-r15c/sysroot   -isystem /home/hm/android-ndk-r15c/sources/cxx-stl/gnu-libstdc++/4.9/include -isystem /home/hm/android-ndk-r15c/sources/cxx-stl/gnu-libstdc++/4.9/libs/armeabi-v7a/include -isystem /home/hm/android-ndk-r15c/sources/cxx-stl/gnu-libstdc++/4.9/include/backward  -isystem /home/hm/android-ndk-r15c/sysroot/usr/include/arm-linux-androideabi -D__ANDROID_API__=15 -g -DANDROID -ffunction-sections -funwind-tables -fstack-protector-strong -no-canonical-prefixes -march=armv7-a -mfloat-abi=softfp -mfpu=vfpv3-d16 -fno-integrated-as -mthumb -Wa,--noexecstack -Wformat -Werror=format-security      -std=c++11 -o CMakeFiles/cmTC_f4f99.dir/feature_tests.cxx.o -c /home/hm/cmake_sample/use_ndk_toolchain/c/build/CMakeFiles/feature_tests.cxx
Linking CXX executable cmTC_f4f99
/home/hm/android_sdk/cmake/3.6.4111459/bin/cmake -E cmake_link_script CMakeFiles/cmTC_f4f99.dir/link.txt --verbose=1
/home/hm/android-ndk-r15c/toolchains/llvm/prebuilt/linux-x86_64/bin/clang++  --target=armv7-none-linux-androideabi --gcc-toolchain=/home/hm/android-ndk-r15c/toolchains/arm-linux-androideabi-4.9/prebuilt/linux-x86_64 --sysroot=/home/hm/android-ndk-r15c/sysroot  -isystem /home/hm/android-ndk-r15c/sysroot/usr/include/arm-linux-androideabi -D__ANDROID_API__=15 -g -DANDROID -ffunction-sections -funwind-tables -fstack-protector-strong -no-canonical-prefixes -march=armv7-a -mfloat-abi=softfp -mfpu=vfpv3-d16 -fno-integrated-as -mthumb -Wa,--noexecstack -Wformat -Werror=format-security     -Wl,--exclude-libs,libgcc.a --sysroot /home/hm/android-ndk-r15c/platforms/android-15/arch-arm -Wl,--build-id -Wl,--warn-shared-textrel -Wl,--fatal-warnings -Wl,--fix-cortex-a8 -Wl,--no-undefined -Wl,-z,noexecstack -Qunused-arguments -Wl,-z,relro -Wl,-z,now -Wl,--gc-sections -Wl,-z,nocopyreloc   CMakeFiles/cmTC_f4f99.dir/feature_tests.cxx.o  -o cmTC_f4f99 -lm "/home/hm/android-ndk-r15c/sources/cxx-stl/gnu-libstdc++/4.9/libs/armeabi-v7a/libgnustl_static.a" 
make[1]: Leaving directory '/home/hm/cmake_sample/use_ndk_toolchain/c/build/CMakeFiles/CMakeTmp'


    Feature record: CXX_FEATURE:0cxx_aggregate_default_initializers
    Feature record: CXX_FEATURE:1cxx_alias_templates
    Feature record: CXX_FEATURE:1cxx_alignas
    Feature record: CXX_FEATURE:1cxx_alignof
    Feature record: CXX_FEATURE:1cxx_attributes
    Feature record: CXX_FEATURE:0cxx_attribute_deprecated
    Feature record: CXX_FEATURE:1cxx_auto_type
    Feature record: CXX_FEATURE:0cxx_binary_literals
    Feature record: CXX_FEATURE:1cxx_constexpr
    Feature record: CXX_FEATURE:0cxx_contextual_conversions
    Feature record: CXX_FEATURE:1cxx_decltype
    Feature record: CXX_FEATURE:0cxx_decltype_auto
    Feature record: CXX_FEATURE:1cxx_decltype_incomplete_return_types
    Feature record: CXX_FEATURE:1cxx_default_function_template_args
    Feature record: CXX_FEATURE:1cxx_defaulted_functions
    Feature record: CXX_FEATURE:1cxx_defaulted_move_initializers
    Feature record: CXX_FEATURE:1cxx_delegating_constructors
    Feature record: CXX_FEATURE:1cxx_deleted_functions
    Feature record: CXX_FEATURE:0cxx_digit_separators
    Feature record: CXX_FEATURE:1cxx_enum_forward_declarations
    Feature record: CXX_FEATURE:1cxx_explicit_conversions
    Feature record: CXX_FEATURE:1cxx_extended_friend_declarations
    Feature record: CXX_FEATURE:1cxx_extern_templates
    Feature record: CXX_FEATURE:1cxx_final
    Feature record: CXX_FEATURE:1cxx_func_identifier
    Feature record: CXX_FEATURE:1cxx_generalized_initializers
    Feature record: CXX_FEATURE:0cxx_generic_lambdas
    Feature record: CXX_FEATURE:1cxx_inheriting_constructors
    Feature record: CXX_FEATURE:1cxx_inline_namespaces
    Feature record: CXX_FEATURE:1cxx_lambdas
    Feature record: CXX_FEATURE:0cxx_lambda_init_captures
    Feature record: CXX_FEATURE:1cxx_local_type_template_args
    Feature record: CXX_FEATURE:1cxx_long_long_type
    Feature record: CXX_FEATURE:1cxx_noexcept
    Feature record: CXX_FEATURE:1cxx_nonstatic_member_init
    Feature record: CXX_FEATURE:1cxx_nullptr
    Feature record: CXX_FEATURE:1cxx_override
    Feature record: CXX_FEATURE:1cxx_range_for
    Feature record: CXX_FEATURE:1cxx_raw_string_literals
    Feature record: CXX_FEATURE:1cxx_reference_qualified_functions
    Feature record: CXX_FEATURE:0cxx_relaxed_constexpr
    Feature record: CXX_FEATURE:0cxx_return_type_deduction
    Feature record: CXX_FEATURE:1cxx_right_angle_brackets
    Feature record: CXX_FEATURE:1cxx_rvalue_references
    Feature record: CXX_FEATURE:1cxx_sizeof_member
    Feature record: CXX_FEATURE:1cxx_static_assert
    Feature record: CXX_FEATURE:1cxx_strong_enums
    Feature record: CXX_FEATURE:1cxx_template_template_parameters
    Feature record: CXX_FEATURE:1cxx_thread_local
    Feature record: CXX_FEATURE:1cxx_trailing_return_types
    Feature record: CXX_FEATURE:1cxx_unicode_literals
    Feature record: CXX_FEATURE:1cxx_uniform_initialization
    Feature record: CXX_FEATURE:1cxx_unrestricted_unions
    Feature record: CXX_FEATURE:1cxx_user_literals
    Feature record: CXX_FEATURE:0cxx_variable_templates
    Feature record: CXX_FEATURE:1cxx_variadic_macros
    Feature record: CXX_FEATURE:1cxx_variadic_templates


Detecting CXX [-std=c++98] compiler features compiled with the following output:
Change Dir: /home/hm/cmake_sample/use_ndk_toolchain/c/build/CMakeFiles/CMakeTmp

Run Build Command:"/usr/bin/make" "cmTC_a2fde/fast"
/usr/bin/make -f CMakeFiles/cmTC_a2fde.dir/build.make CMakeFiles/cmTC_a2fde.dir/build
make[1]: Entering directory '/home/hm/cmake_sample/use_ndk_toolchain/c/build/CMakeFiles/CMakeTmp'
Building CXX object CMakeFiles/cmTC_a2fde.dir/feature_tests.cxx.o
/home/hm/android-ndk-r15c/toolchains/llvm/prebuilt/linux-x86_64/bin/clang++  --target=armv7-none-linux-androideabi --gcc-toolchain=/home/hm/android-ndk-r15c/toolchains/arm-linux-androideabi-4.9/prebuilt/linux-x86_64 --sysroot=/home/hm/android-ndk-r15c/sysroot   -isystem /home/hm/android-ndk-r15c/sources/cxx-stl/gnu-libstdc++/4.9/include -isystem /home/hm/android-ndk-r15c/sources/cxx-stl/gnu-libstdc++/4.9/libs/armeabi-v7a/include -isystem /home/hm/android-ndk-r15c/sources/cxx-stl/gnu-libstdc++/4.9/include/backward  -isystem /home/hm/android-ndk-r15c/sysroot/usr/include/arm-linux-androideabi -D__ANDROID_API__=15 -g -DANDROID -ffunction-sections -funwind-tables -fstack-protector-strong -no-canonical-prefixes -march=armv7-a -mfloat-abi=softfp -mfpu=vfpv3-d16 -fno-integrated-as -mthumb -Wa,--noexecstack -Wformat -Werror=format-security      -std=c++98 -o CMakeFiles/cmTC_a2fde.dir/feature_tests.cxx.o -c /home/hm/cmake_sample/use_ndk_toolchain/c/build/CMakeFiles/feature_tests.cxx
Linking CXX executable cmTC_a2fde
/home/hm/android_sdk/cmake/3.6.4111459/bin/cmake -E cmake_link_script CMakeFiles/cmTC_a2fde.dir/link.txt --verbose=1
/home/hm/android-ndk-r15c/toolchains/llvm/prebuilt/linux-x86_64/bin/clang++  --target=armv7-none-linux-androideabi --gcc-toolchain=/home/hm/android-ndk-r15c/toolchains/arm-linux-androideabi-4.9/prebuilt/linux-x86_64 --sysroot=/home/hm/android-ndk-r15c/sysroot  -isystem /home/hm/android-ndk-r15c/sysroot/usr/include/arm-linux-androideabi -D__ANDROID_API__=15 -g -DANDROID -ffunction-sections -funwind-tables -fstack-protector-strong -no-canonical-prefixes -march=armv7-a -mfloat-abi=softfp -mfpu=vfpv3-d16 -fno-integrated-as -mthumb -Wa,--noexecstack -Wformat -Werror=format-security     -Wl,--exclude-libs,libgcc.a --sysroot /home/hm/android-ndk-r15c/platforms/android-15/arch-arm -Wl,--build-id -Wl,--warn-shared-textrel -Wl,--fatal-warnings -Wl,--fix-cortex-a8 -Wl,--no-undefined -Wl,-z,noexecstack -Qunused-arguments -Wl,-z,relro -Wl,-z,now -Wl,--gc-sections -Wl,-z,nocopyreloc   CMakeFiles/cmTC_a2fde.dir/feature_tests.cxx.o  -o cmTC_a2fde -lm "/home/hm/android-ndk-r15c/sources/cxx-stl/gnu-libstdc++/4.9/libs/armeabi-v7a/libgnustl_static.a" 
make[1]: Leaving directory '/home/hm/cmake_sample/use_ndk_toolchain/c/build/CMakeFiles/CMakeTmp'


    Feature record: CXX_FEATURE:0cxx_aggregate_default_initializers
    Feature record: CXX_FEATURE:0cxx_alias_templates
    Feature record: CXX_FEATURE:0cxx_alignas
    Feature record: CXX_FEATURE:0cxx_alignof
    Feature record: CXX_FEATURE:0cxx_attributes
    Feature record: CXX_FEATURE:0cxx_attribute_deprecated
    Feature record: CXX_FEATURE:0cxx_auto_type
    Feature record: CXX_FEATURE:0cxx_binary_literals
    Feature record: CXX_FEATURE:0cxx_constexpr
    Feature record: CXX_FEATURE:0cxx_contextual_conversions
    Feature record: CXX_FEATURE:0cxx_decltype
    Feature record: CXX_FEATURE:0cxx_decltype_auto
    Feature record: CXX_FEATURE:0cxx_decltype_incomplete_return_types
    Feature record: CXX_FEATURE:0cxx_default_function_template_args
    Feature record: CXX_FEATURE:0cxx_defaulted_functions
    Feature record: CXX_FEATURE:0cxx_defaulted_move_initializers
    Feature record: CXX_FEATURE:0cxx_delegating_constructors
    Feature record: CXX_FEATURE:0cxx_deleted_functions
    Feature record: CXX_FEATURE:0cxx_digit_separators
    Feature record: CXX_FEATURE:0cxx_enum_forward_declarations
    Feature record: CXX_FEATURE:0cxx_explicit_conversions
    Feature record: CXX_FEATURE:0cxx_extended_friend_declarations
    Feature record: CXX_FEATURE:0cxx_extern_templates
    Feature record: CXX_FEATURE:0cxx_final
    Feature record: CXX_FEATURE:0cxx_func_identifier
    Feature record: CXX_FEATURE:0cxx_generalized_initializers
    Feature record: CXX_FEATURE:0cxx_generic_lambdas
    Feature record: CXX_FEATURE:0cxx_inheriting_constructors
    Feature record: CXX_FEATURE:0cxx_inline_namespaces
    Feature record: CXX_FEATURE:0cxx_lambdas
    Feature record: CXX_FEATURE:0cxx_lambda_init_captures
    Feature record: CXX_FEATURE:0cxx_local_type_template_args
    Feature record: CXX_FEATURE:0cxx_long_long_type
    Feature record: CXX_FEATURE:0cxx_noexcept
    Feature record: CXX_FEATURE:0cxx_nonstatic_member_init
    Feature record: CXX_FEATURE:0cxx_nullptr
    Feature record: CXX_FEATURE:0cxx_override
    Feature record: CXX_FEATURE:0cxx_range_for
    Feature record: CXX_FEATURE:0cxx_raw_string_literals
    Feature record: CXX_FEATURE:0cxx_reference_qualified_functions
    Feature record: CXX_FEATURE:0cxx_relaxed_constexpr
    Feature record: CXX_FEATURE:0cxx_return_type_deduction
    Feature record: CXX_FEATURE:0cxx_right_angle_brackets
    Feature record: CXX_FEATURE:0cxx_rvalue_references
    Feature record: CXX_FEATURE:0cxx_sizeof_member
    Feature record: CXX_FEATURE:0cxx_static_assert
    Feature record: CXX_FEATURE:0cxx_strong_enums
    Feature record: CXX_FEATURE:1cxx_template_template_parameters
    Feature record: CXX_FEATURE:0cxx_thread_local
    Feature record: CXX_FEATURE:0cxx_trailing_return_types
    Feature record: CXX_FEATURE:0cxx_unicode_literals
    Feature record: CXX_FEATURE:0cxx_uniform_initialization
    Feature record: CXX_FEATURE:0cxx_unrestricted_unions
    Feature record: CXX_FEATURE:0cxx_user_literals
    Feature record: CXX_FEATURE:0cxx_variable_templates
    Feature record: CXX_FEATURE:0cxx_variadic_macros
    Feature record: CXX_FEATURE:0cxx_variadic_templates
